[2024-05-16T11:15:09.702+0000] {manager.py:470} INFO - Processing files using up to 2 processes at a time 
[2024-05-16T11:15:09.703+0000] {manager.py:471} INFO - Process each file at most once every 30 seconds
[2024-05-16T11:15:09.704+0000] {manager.py:472} INFO - Checking for new files in /opt/airflow/dags every 300 seconds
[2024-05-16T11:15:09.706+0000] {manager.py:737} INFO - Searching for files in /opt/airflow/dags
[2024-05-16T11:15:09.730+0000] {manager.py:740} INFO - There are 1 files in /opt/airflow/dags
[2024-05-16T11:15:09.894+0000] {manager.py:878} INFO - 
================================================================================
DAG File Processing Stats

File Path                          PID  Runtime      # DAGs    # Errors  Last Runtime    Last Run
-------------------------------  -----  ---------  --------  ----------  --------------  ----------
/opt/airflow/dags/pytest_dag.py     59  0.05s             0           0
================================================================================
[2024-05-16T11:15:40.051+0000] {manager.py:878} INFO - 
================================================================================
DAG File Processing Stats

File Path                        PID    Runtime      # DAGs    # Errors  Last Runtime    Last Run
-------------------------------  -----  ---------  --------  ----------  --------------  -------------------
/opt/airflow/dags/pytest_dag.py                           1           0  0.27s           2024-05-16T11:15:10
================================================================================
[2024-05-16T11:16:10.392+0000] {manager.py:878} INFO - 
================================================================================
DAG File Processing Stats

File Path                        PID    Runtime      # DAGs    # Errors  Last Runtime    Last Run
-------------------------------  -----  ---------  --------  ----------  --------------  -------------------
/opt/airflow/dags/pytest_dag.py                           1           0  0.41s           2024-05-16T11:15:40
================================================================================
[2024-05-16T11:16:40.947+0000] {manager.py:878} INFO - 
================================================================================
DAG File Processing Stats

File Path                        PID    Runtime      # DAGs    # Errors  Last Runtime    Last Run
-------------------------------  -----  ---------  --------  ----------  --------------  -------------------
/opt/airflow/dags/pytest_dag.py                           1           0  0.21s           2024-05-16T11:16:11
================================================================================
[2024-05-16T11:17:11.283+0000] {manager.py:878} INFO - 
================================================================================
DAG File Processing Stats

File Path                        PID    Runtime      # DAGs    # Errors  Last Runtime    Last Run
-------------------------------  -----  ---------  --------  ----------  --------------  -------------------
/opt/airflow/dags/pytest_dag.py                           1           0  0.17s           2024-05-16T11:16:41
================================================================================
[2024-05-16T11:17:41.592+0000] {manager.py:878} INFO - 
================================================================================
DAG File Processing Stats

File Path                        PID    Runtime      # DAGs    # Errors  Last Runtime    Last Run
-------------------------------  -----  ---------  --------  ----------  --------------  -------------------
/opt/airflow/dags/pytest_dag.py                           1           0  0.18s           2024-05-16T11:17:11
================================================================================
[2024-05-16T11:18:11.904+0000] {manager.py:878} INFO - 
================================================================================
DAG File Processing Stats

File Path                        PID    Runtime      # DAGs    # Errors  Last Runtime    Last Run
-------------------------------  -----  ---------  --------  ----------  --------------  -------------------
/opt/airflow/dags/pytest_dag.py                           1           0  0.20s           2024-05-16T11:17:41
================================================================================
[2024-05-16T11:18:42.247+0000] {manager.py:878} INFO - 
================================================================================
DAG File Processing Stats

File Path                        PID    Runtime      # DAGs    # Errors  Last Runtime    Last Run
-------------------------------  -----  ---------  --------  ----------  --------------  -------------------
/opt/airflow/dags/pytest_dag.py                           1           0  0.16s           2024-05-16T11:18:12
================================================================================
[2024-05-16T11:19:12.546+0000] {manager.py:878} INFO - 
================================================================================
DAG File Processing Stats

File Path                        PID    Runtime      # DAGs    # Errors  Last Runtime    Last Run
-------------------------------  -----  ---------  --------  ----------  --------------  -------------------
/opt/airflow/dags/pytest_dag.py                           1           0  0.19s           2024-05-16T11:18:42
================================================================================
[2024-05-16T11:19:42.866+0000] {manager.py:878} INFO - 
================================================================================
DAG File Processing Stats

File Path                        PID    Runtime      # DAGs    # Errors  Last Runtime    Last Run
-------------------------------  -----  ---------  --------  ----------  --------------  -------------------
/opt/airflow/dags/pytest_dag.py                           1           0  0.19s           2024-05-16T11:19:12
================================================================================
[2024-05-16T11:20:10.168+0000] {manager.py:737} INFO - Searching for files in /opt/airflow/dags
[2024-05-16T11:20:10.189+0000] {manager.py:740} INFO - There are 1 files in /opt/airflow/dags
[2024-05-16T11:20:13.230+0000] {manager.py:878} INFO - 
================================================================================
DAG File Processing Stats

File Path                          PID  Runtime      # DAGs    # Errors  Last Runtime    Last Run
-------------------------------  -----  ---------  --------  ----------  --------------  -------------------
/opt/airflow/dags/pytest_dag.py     69  0.01s             1           0  0.17s           2024-05-16T11:19:43
================================================================================
[2024-05-16T11:20:43.523+0000] {manager.py:878} INFO - 
================================================================================
DAG File Processing Stats

File Path                          PID  Runtime      # DAGs    # Errors  Last Runtime    Last Run
-------------------------------  -----  ---------  --------  ----------  --------------  -------------------
/opt/airflow/dags/pytest_dag.py     70  0.01s             1           0  0.16s           2024-05-16T11:20:13
================================================================================
[2024-05-16T11:21:13.721+0000] {manager.py:878} INFO - 
================================================================================
DAG File Processing Stats

File Path                          PID  Runtime      # DAGs    # Errors  Last Runtime    Last Run
-------------------------------  -----  ---------  --------  ----------  --------------  -------------------
/opt/airflow/dags/pytest_dag.py     71  0.01s             1           0  0.18s           2024-05-16T11:20:43
================================================================================
